c:\users\sephe\desktop\fs classes\programing\computernetworks\cneproject\chatserver\cnechatserver\cnechatserver\x64\debug\vc143.pdb
c:\users\sephe\desktop\fs classes\programing\computernetworks\cneproject\chatserver\cnechatserver\cnechatserver\x64\debug\vc143.idb
c:\users\sephe\desktop\fs classes\programing\computernetworks\cneproject\chatserver\cnechatserver\cnechatserver\x64\debug\server.obj
c:\users\sephe\desktop\fs classes\programing\computernetworks\cneproject\chatserver\cnechatserver\cnechatserver\x64\debug\clienthandler.obj
c:\users\sephe\desktop\fs classes\programing\computernetworks\cneproject\chatserver\cnechatserver\cnechatserver\x64\debug\chatserver.obj
c:\users\sephe\desktop\fs classes\programing\computernetworks\cneproject\chatserver\cnechatserver\cnechatserver\x64\debug\cnechatserver.obj
c:\users\sephe\desktop\fs classes\programing\computernetworks\cneproject\chatserver\cnechatserver\x64\debug\cnechatserver.exe
c:\users\sephe\desktop\fs classes\programing\computernetworks\cneproject\chatserver\cnechatserver\x64\debug\cnechatserver.pdb
c:\users\sephe\desktop\fs classes\programing\computernetworks\cneproject\chatserver\cnechatserver\cnechatserver\x64\debug\cnechatserver.ilk
c:\users\sephe\onedrive\desktop\fs classes\programing\computer networks\chatserver\cnechatserver\cnechatserver\x64\debug\chatserver.obj
c:\users\sephe\onedrive\desktop\fs classes\programing\computer networks\chatserver\cnechatserver\cnechatserver\x64\debug\clienthandler.obj
c:\users\sephe\onedrive\desktop\fs classes\programing\computer networks\chatserver\cnechatserver\cnechatserver\x64\debug\cnechatserver.obj
c:\users\sephe\onedrive\desktop\fs classes\programing\computer networks\chatserver\cnechatserver\cnechatserver\x64\debug\server.obj
c:\users\sephe\onedrive\desktop\fs classes\programing\computer networks\chatserver\cnechatserver\cnechatserver\x64\debug\cnechatserver.ilk
c:\users\sephe\onedrive\desktop\fs classes\programing\computer networks\chatserver\cnechatserver\cnechatserver\x64\debug\vc143.idb
c:\users\sephe\onedrive\desktop\fs classes\programing\computer networks\chatserver\cnechatserver\cnechatserver\x64\debug\vc143.pdb
c:\users\sephe\onedrive\desktop\fs classes\programing\computer networks\chatserver\cnechatserver\x64\debug\cnechatserver.pdb
c:\users\sephe\onedrive\desktop\fs classes\programing\computer networks\chatserver\cnechatserver\x64\debug\cnechatserver.exe
c:\users\sephe\onedrive\desktop\fs classes\programing\computer networks\chatserver\cnechatserver\cnechatserver\x64\debug\cnechatserver.tlog\cl.command.1.tlog
c:\users\sephe\onedrive\desktop\fs classes\programing\computer networks\chatserver\cnechatserver\cnechatserver\x64\debug\cnechatserver.tlog\cl.items.tlog
c:\users\sephe\onedrive\desktop\fs classes\programing\computer networks\chatserver\cnechatserver\cnechatserver\x64\debug\cnechatserver.tlog\cl.read.1.tlog
c:\users\sephe\onedrive\desktop\fs classes\programing\computer networks\chatserver\cnechatserver\cnechatserver\x64\debug\cnechatserver.tlog\cl.write.1.tlog
c:\users\sephe\onedrive\desktop\fs classes\programing\computer networks\chatserver\cnechatserver\cnechatserver\x64\debug\cnechatserver.tlog\link.command.1.tlog
c:\users\sephe\onedrive\desktop\fs classes\programing\computer networks\chatserver\cnechatserver\cnechatserver\x64\debug\cnechatserver.tlog\link.read.1.tlog
c:\users\sephe\onedrive\desktop\fs classes\programing\computer networks\chatserver\cnechatserver\cnechatserver\x64\debug\cnechatserver.tlog\link.secondary.1.tlog
c:\users\sephe\onedrive\desktop\fs classes\programing\computer networks\chatserver\cnechatserver\cnechatserver\x64\debug\cnechatserver.tlog\link.write.1.tlog
